<?xml version="1.0" encoding="UTF-8"?>
<testsuite xmlns:xsi="http://www.w3.org/2001/XMLSchema-instance" xsi:noNamespaceSchemaLocation="https://maven.apache.org/surefire/maven-surefire-plugin/xsd/surefire-test-report.xsd" name="org.objectionary.oi.unit.inner_usage.InnerUsageTest" time="0.153" tests="1" errors="0" skipped="1" failures="0">
  <properties>
[...]
</properties>
  <testcase name="test basic dir" classname="org.objectionary.oi.unit.inner_usage.InnerUsageTest" time="0">
    <skipped message="public final void org.objectionary.oi.unit.inner_usage.InnerUsageTest.test basic dir() is @Disabled"/>
    <system-out><![CDATA[20:52:03,887 |-INFO in ch.qos.logback.classic.LoggerContext[default] - This is logback-classic version 1.4.3
20:52:03,905 |-INFO in ch.qos.logback.classic.LoggerContext[default] - Could NOT find resource [logback-test.xml]
20:52:03,907 |-INFO in ch.qos.logback.classic.LoggerContext[default] - Found resource [logback.xml] at [file:/home/olesya/object-inference/target/classes/logback.xml]
20:52:03,908 |-WARN in ch.qos.logback.classic.util.DefaultJoranConfigurator@21e360a - Resource [logback.xml] occurs multiple times on the classpath.
20:52:03,908 |-WARN in ch.qos.logback.classic.util.DefaultJoranConfigurator@21e360a - Resource [logback.xml] occurs at [file:/home/olesya/object-inference/target/classes/logback.xml]
20:52:03,908 |-WARN in ch.qos.logback.classic.util.DefaultJoranConfigurator@21e360a - Resource [logback.xml] occurs at [jar:file:/home/olesya/.m2/repository/org/eolang/ddr/0.0.5/ddr-0.0.5.jar!/logback.xml]
20:52:03,979 |-INFO in ch.qos.logback.core.model.processor.AppenderModelHandler - Processing appender named [STDOUT]
20:52:03,979 |-INFO in ch.qos.logback.core.model.processor.AppenderModelHandler - About to instantiate appender of type [ch.qos.logback.core.ConsoleAppender]
20:52:03,985 |-INFO in ch.qos.logback.core.model.processor.ImplicitModelHandler - Assuming default type [ch.qos.logback.classic.encoder.PatternLayoutEncoder] for [encoder] property
20:52:04,007 |-INFO in ch.qos.logback.classic.model.processor.RootLoggerModelHandler - Setting level of ROOT logger to DEBUG
20:52:04,008 |-INFO in ch.qos.logback.core.model.processor.AppenderRefModelHandler - Attaching appender named [STDOUT] to Logger[ROOT]
20:52:04,008 |-INFO in ch.qos.logback.core.model.processor.DefaultProcessor@5ba3f27a - End of configuration.
20:52:04,008 |-INFO in ch.qos.logback.classic.joran.JoranConfigurator@58d75e99 - Registering current configuration as safe fallback point

]]></system-out>
    <system-err><![CDATA[SLF4J: Class path contains multiple SLF4J providers.
SLF4J: Found provider [ch.qos.logback.classic.spi.LogbackServiceProvider@7d68ef40]
SLF4J: Found provider [MavenSlf4j()]
SLF4J: See https://www.slf4j.org/codes.html#multiple_bindings for an explanation.
SLF4J: Actual provider is of type [ch.qos.logback.classic.spi.LogbackServiceProvider@7d68ef40]
]]></system-err>
  </testcase>
</testsuite>